mode: set
altaproject3/features/attendees/business/usecase.go:12.68,16.2 1 1
altaproject3/features/attendees/business/usecase.go:18.86,20.16 2 1
altaproject3/features/attendees/business/usecase.go:20.16,22.3 1 1
altaproject3/features/attendees/business/usecase.go:22.8,25.3 2 1
altaproject3/features/attendees/business/usecase.go:28.80,31.2 2 1
altaproject3/features/attendees/business/usecase.go:33.97,36.2 2 1
altaproject3/features/attendees/business/usecase.go:38.95,41.2 2 1
altaproject3/features/comments/business/usecase.go:12.67,16.2 1 1
altaproject3/features/comments/business/usecase.go:18.82,19.24 1 1
altaproject3/features/comments/business/usecase.go:22.2,23.17 2 1
altaproject3/features/comments/business/usecase.go:19.24,21.3 1 1
altaproject3/features/comments/business/usecase.go:26.103,29.2 2 1
altaproject3/features/events/business/usecase.go:12.59,16.2 1 1
altaproject3/features/events/business/usecase.go:18.103,21.21 3 1
altaproject3/features/events/business/usecase.go:33.2,33.29 1 1
altaproject3/features/events/business/usecase.go:21.21,23.3 1 1
altaproject3/features/events/business/usecase.go:23.8,24.17 1 1
altaproject3/features/events/business/usecase.go:27.3,27.27 1 1
altaproject3/features/events/business/usecase.go:24.17,26.4 1 1
altaproject3/features/events/business/usecase.go:27.27,29.4 1 1
altaproject3/features/events/business/usecase.go:29.9,31.4 1 1
altaproject3/features/events/business/usecase.go:36.83,39.2 2 1
altaproject3/features/events/business/usecase.go:41.80,42.217 1 1
altaproject3/features/events/business/usecase.go:45.2,46.17 2 1
altaproject3/features/events/business/usecase.go:42.217,44.3 1 1
altaproject3/features/events/business/usecase.go:49.71,52.2 2 1
altaproject3/features/events/business/usecase.go:54.90,55.217 1 1
altaproject3/features/events/business/usecase.go:58.2,59.17 2 1
altaproject3/features/events/business/usecase.go:55.217,57.3 1 1
altaproject3/features/events/business/usecase.go:62.102,65.2 2 1
altaproject3/features/users/business/usecase.go:13.57,17.2 1 1
altaproject3/features/users/business/usecase.go:19.74,20.145 1 1
altaproject3/features/users/business/usecase.go:23.2,24.17 2 1
altaproject3/features/users/business/usecase.go:20.145,22.3 1 1
altaproject3/features/users/business/usecase.go:27.106,30.2 2 1
altaproject3/features/users/business/usecase.go:32.85,33.162 1 1
altaproject3/features/users/business/usecase.go:36.2,37.17 2 1
altaproject3/features/users/business/usecase.go:33.162,35.3 1 1
altaproject3/features/users/business/usecase.go:40.72,43.2 2 1
altaproject3/features/users/business/usecase.go:45.64,48.2 2 1
